<?xml version="1.0" encoding="UTF-8"?>
<testsuite xmlns:xsi="http://www.w3.org/2001/XMLSchema-instance" xsi:noNamespaceSchemaLocation="https://maven.apache.org/surefire/maven-surefire-plugin/xsd/surefire-test-report.xsd" name="zoo.ActionTriggerTest" time="0.543" tests="5" errors="0" skipped="0" failures="0">
  <properties>
[...]
</properties>
  <testcase name="feedAnimals" classname="zoo.ActionTriggerTest" time="0.019"/>
  <testcase name="setMorning" classname="zoo.ActionTriggerTest" time="0.011"/>
  <testcase name="visit" classname="zoo.ActionTriggerTest" time="0.016"/>
  <testcase name="setNight" classname="zoo.ActionTriggerTest" time="0.014"/>
  <testcase name="setThunder" classname="zoo.ActionTriggerTest" time="0.005"/>
</testsuite>